  hotel.cpp
D:\bit\c_language\hotelSystem2\hotelSystem2\hotel.cpp(1,1): warning C4819: 该文件包含不能在当前代码页(936)中表示的字符。请将该文件保存为 Unicode 格式以防止数据丢失
D:\bit\c_language\hotelSystem2\hotelSystem2\hotel.cpp(20,63): error C3688: 文本后缀“灞傛埧闂存暟閲”无效；未找到文文本运算符或文本运算符模板“operator """"灞傛埧闂存暟閲”
D:\bit\c_language\hotelSystem2\hotelSystem2\hotel.cpp(82,65): error C2065: “绫诲瀷”: 未声明的标识符
D:\bit\c_language\hotelSystem2\hotelSystem2\hotel.cpp(82,74): error C2143: 语法错误: 缺少“;”(在“字符串”的前面)
D:\bit\c_language\hotelSystem2\hotelSystem2\hotel.cpp(82,107): error C2001: 常量中有换行符
D:\bit\c_language\hotelSystem2\hotelSystem2\hotel.cpp(83,9): error C2143: 语法错误: 缺少“;”(在“}”的前面)
D:\bit\c_language\hotelSystem2\hotelSystem2\hotel.cpp(95,65): error C2065: “绫诲瀷”: 未声明的标识符
D:\bit\c_language\hotelSystem2\hotelSystem2\hotel.cpp(95,74): error C2143: 语法错误: 缺少“;”(在“字符串”的前面)
D:\bit\c_language\hotelSystem2\hotelSystem2\hotel.cpp(95,107): error C2001: 常量中有换行符
D:\bit\c_language\hotelSystem2\hotelSystem2\hotel.cpp(96,9): error C2143: 语法错误: 缺少“;”(在“}”的前面)
D:\bit\c_language\hotelSystem2\hotelSystem2\hotel.cpp(109,66): error C2146: 语法错误: 缺少“;”(在标识符“浜烘暟”的前面)
D:\bit\c_language\hotelSystem2\hotelSystem2\hotel.cpp(109,66): error C2065: “浜烘暟”: 未声明的标识符
D:\bit\c_language\hotelSystem2\hotelSystem2\hotel.cpp(109,75): error C2143: 语法错误: 缺少“;”(在“字符串”的前面)
D:\bit\c_language\hotelSystem2\hotelSystem2\hotel.cpp(109,101): error C2001: 常量中有换行符
D:\bit\c_language\hotelSystem2\hotelSystem2\hotel.cpp(111,13): error C2143: 语法错误: 缺少“;”(在“}”的前面)
D:\bit\c_language\hotelSystem2\hotelSystem2\hotel.cpp(126,66): error C2001: 常量中有换行符
D:\bit\c_language\hotelSystem2\hotelSystem2\hotel.cpp(128,13): error C2143: 语法错误: 缺少“;”(在“}”的前面)
  hotel_manage.cpp
D:\bit\c_language\hotelSystem2\hotelSystem2\hotel_manage.cpp(1,1): warning C4819: 该文件包含不能在当前代码页(936)中表示的字符。请将该文件保存为 Unicode 格式以防止数据丢失
D:\bit\c_language\hotelSystem2\hotelSystem2\hotel_manage.cpp(19,17): error C2001: 常量中有换行符
D:\bit\c_language\hotelSystem2\hotelSystem2\hotel_manage.cpp(20,9): error C2146: 语法错误: 缺少“;”(在标识符“cout”的前面)
D:\bit\c_language\hotelSystem2\hotelSystem2\hotel_manage.cpp(20,17): error C2001: 常量中有换行符
D:\bit\c_language\hotelSystem2\hotelSystem2\hotel_manage.cpp(21,9): error C2146: 语法错误: 缺少“;”(在标识符“cout”的前面)
D:\bit\c_language\hotelSystem2\hotelSystem2\hotel_manage.cpp(39,13): error C2001: 常量中有换行符
D:\bit\c_language\hotelSystem2\hotelSystem2\hotel_manage.cpp(40,5): error C2146: 语法错误: 缺少“;”(在标识符“cout”的前面)
D:\bit\c_language\hotelSystem2\hotelSystem2\hotel_manage.cpp(40,13): error C2001: 常量中有换行符
D:\bit\c_language\hotelSystem2\hotelSystem2\hotel_manage.cpp(41,5): error C2146: 语法错误: 缺少“;”(在标识符“cout”的前面)
D:\bit\c_language\hotelSystem2\hotelSystem2\hotel_manage.cpp(41,13): error C2001: 常量中有换行符
D:\bit\c_language\hotelSystem2\hotelSystem2\hotel_manage.cpp(42,5): error C2146: 语法错误: 缺少“;”(在标识符“cout”的前面)
D:\bit\c_language\hotelSystem2\hotelSystem2\hotel_manage.cpp(46,13): error C2001: 常量中有换行符
D:\bit\c_language\hotelSystem2\hotelSystem2\hotel_manage.cpp(47,5): error C2144: 语法错误:“int”的前面应有“;”
D:\bit\c_language\hotelSystem2\hotelSystem2\hotel_manage.cpp(61,21): error C2001: 常量中有换行符
D:\bit\c_language\hotelSystem2\hotelSystem2\hotel_manage.cpp(62,4): error C2146: 语法错误: 缺少“;”(在标识符“cin”的前面)
  正在生成代码...
